<?xml version="1.0" encoding="UTF-8"?>
<testng-results ignored="2" total="4" passed="2" failed="0" skipped="0">
  <reporter-output>
  </reporter-output>
  <suite started-at="2025-08-26T18:22:49 IST" name="Suite" finished-at="2025-08-26T18:22:49 IST" duration-ms="82">
    <groups>
      <group name="regression">
        <method signature="TC010_TestNG.test2()[pri:0, instance:New.TC010_TestNG@56620197]" name="test2" class="New.TC010_TestNG"/>
        <method signature="TC010_TestNG.test3()[pri:1, instance:New.TC010_TestNG@56620197]" name="test3" class="New.TC010_TestNG"/>
      </group> <!-- regression -->
    </groups>
    <test started-at="2025-08-26T18:22:49 IST" name="Test" finished-at="2025-08-26T18:22:49 IST" duration-ms="82">
      <class name="New.TC010_TestNG">
        <test-method signature="test2()[pri:0, instance:New.TC010_TestNG@56620197]" started-at="2025-08-26T18:22:49 IST" name="test2" finished-at="2025-08-26T18:22:49 IST" duration-ms="25" status="PASS">
          <reporter-output>
          </reporter-output>
        </test-method> <!-- test2 -->
        <test-method signature="test3()[pri:1, instance:New.TC010_TestNG@56620197]" started-at="2025-08-26T18:22:49 IST" name="test3" finished-at="2025-08-26T18:22:49 IST" duration-ms="3" status="PASS">
          <reporter-output>
          </reporter-output>
        </test-method> <!-- test3 -->
      </class> <!-- New.TC010_TestNG -->
    </test> <!-- Test -->
  </suite> <!-- Suite -->
</testng-results>
