<?xml version="1.0" encoding="UTF-8"?>
<!-- Generated by org.testng.reporters.JUnitXMLReporter -->
<testsuite ignored="0" hostname="DESKTOP-KRUEV05" failures="0" tests="4" name="firefox" time="56.693" errors="0" timestamp="2025-08-26T17:41:31 IST">
  <testcase classname="New.TC009_TestNG" name="f" time="6.811"/>
  <testcase classname="New.TC009_TestNG" name="f" time="13.021"/>
  <testcase classname="New.TC009_TestNG2" name="f" time="5.495"/>
  <testcase classname="New.TC009_TestNG2" name="f" time="6.421"/>
</testsuite> <!-- firefox -->
