<?xml version="1.0" encoding="UTF-8"?>
<!-- Generated by org.testng.reporters.JUnitXMLReporter -->
<testsuite ignored="2" hostname="DESKTOP-KRUEV05" failures="0" tests="2" name="Test" time="0.082" errors="0" timestamp="2025-08-26T18:22:49 IST">
  <testcase classname="New.TC010_TestNG" name="test2" time="0.025"/>
  <testcase classname="New.TC010_TestNG" name="test3" time="0.003"/>
  <testcase classname="New.TC010_TestNG" name="test4" time="0.0">
    <ignored/>
  </testcase> <!-- test4 -->
  <testcase classname="New.TC010_TestNG" name="test1" time="0.0">
    <ignored/>
  </testcase> <!-- test1 -->
</testsuite> <!-- Test -->
